[2019-08-06 15:46:08,874] INFO Starting the log cleaner (kafka.log.LogCleaner)
[2019-08-06 15:46:08,962] INFO [kafka-log-cleaner-thread-0]: Starting (kafka.log.LogCleaner)
[2019-08-06 15:46:09,342] INFO Shutting down the log cleaner. (kafka.log.LogCleaner)
[2019-08-06 15:46:09,343] INFO [kafka-log-cleaner-thread-0]: Shutting down (kafka.log.LogCleaner)
[2019-08-06 15:46:09,344] INFO [kafka-log-cleaner-thread-0]: Stopped (kafka.log.LogCleaner)
[2019-08-06 15:46:09,344] INFO [kafka-log-cleaner-thread-0]: Shutdown completed (kafka.log.LogCleaner)
[2019-08-06 15:46:22,568] INFO Starting the log cleaner (kafka.log.LogCleaner)
[2019-08-06 15:46:22,658] INFO [kafka-log-cleaner-thread-0]: Starting (kafka.log.LogCleaner)
[2019-08-06 15:46:23,013] INFO Shutting down the log cleaner. (kafka.log.LogCleaner)
[2019-08-06 15:46:23,014] INFO [kafka-log-cleaner-thread-0]: Shutting down (kafka.log.LogCleaner)
[2019-08-06 15:46:23,014] INFO [kafka-log-cleaner-thread-0]: Stopped (kafka.log.LogCleaner)
[2019-08-06 15:46:23,014] INFO [kafka-log-cleaner-thread-0]: Shutdown completed (kafka.log.LogCleaner)
[2019-08-06 15:46:31,470] INFO Starting the log cleaner (kafka.log.LogCleaner)
[2019-08-06 15:46:31,556] INFO [kafka-log-cleaner-thread-0]: Starting (kafka.log.LogCleaner)
[2019-08-06 15:46:31,852] INFO Shutting down the log cleaner. (kafka.log.LogCleaner)
[2019-08-06 15:46:31,853] INFO [kafka-log-cleaner-thread-0]: Shutting down (kafka.log.LogCleaner)
[2019-08-06 15:46:31,854] INFO [kafka-log-cleaner-thread-0]: Stopped (kafka.log.LogCleaner)
[2019-08-06 15:46:31,854] INFO [kafka-log-cleaner-thread-0]: Shutdown completed (kafka.log.LogCleaner)
[2019-08-06 15:46:38,381] INFO Starting the log cleaner (kafka.log.LogCleaner)
[2019-08-06 15:46:38,468] INFO [kafka-log-cleaner-thread-0]: Starting (kafka.log.LogCleaner)
[2019-08-06 15:46:38,759] INFO Shutting down the log cleaner. (kafka.log.LogCleaner)
[2019-08-06 15:46:38,759] INFO [kafka-log-cleaner-thread-0]: Shutting down (kafka.log.LogCleaner)
[2019-08-06 15:46:38,760] INFO [kafka-log-cleaner-thread-0]: Stopped (kafka.log.LogCleaner)
[2019-08-06 15:46:38,760] INFO [kafka-log-cleaner-thread-0]: Shutdown completed (kafka.log.LogCleaner)
[2019-08-06 15:46:59,096] INFO Starting the log cleaner (kafka.log.LogCleaner)
[2019-08-06 15:46:59,185] INFO [kafka-log-cleaner-thread-0]: Starting (kafka.log.LogCleaner)
[2019-08-06 15:46:59,500] INFO Shutting down the log cleaner. (kafka.log.LogCleaner)
[2019-08-06 15:46:59,500] INFO [kafka-log-cleaner-thread-0]: Shutting down (kafka.log.LogCleaner)
[2019-08-06 15:46:59,501] INFO [kafka-log-cleaner-thread-0]: Stopped (kafka.log.LogCleaner)
[2019-08-06 15:46:59,501] INFO [kafka-log-cleaner-thread-0]: Shutdown completed (kafka.log.LogCleaner)
[2019-08-06 15:55:02,740] INFO Starting the log cleaner (kafka.log.LogCleaner)
[2019-08-06 15:55:02,831] INFO [kafka-log-cleaner-thread-0]: Starting (kafka.log.LogCleaner)
